#
# A fatal error has been detected by the Java Runtime Environment:
#
#  EXCEPTION_ACCESS_VIOLATION (0xc0000005) at pc=0x00007ffd2e3da6a3, pid=17036, tid=17592
#
# JRE version:  (11.0.10+8) (build )
# Java VM: Java HotSpot(TM) 64-Bit Server VM (11.0.10+8-LTS-162, mixed mode, sharing, tiered, compressed oops, g1 gc, windows-amd64)
# Problematic frame:
# V  [jvm.dll+0x1ca6a3]
#
# No core dump will be written. Minidumps are not enabled by default on client versions of Windows
#
#

---------------  S U M M A R Y ------------

Command Line: c:\Users\kartik\.vscode\extensions\salesforce.salesforce-vscode-slds-1.4.8\lsp-0.0.13-executable.jar --PORT=49481

Host: Intel(R) Core(TM) i5-9300H CPU @ 2.40GHz, 8 cores, 7G,  Windows 10 , 64 bit Build 19041 (10.0.19041.1202)
Time: Tue Sep 21 17:13:15 2021 India Standard Time elapsed time: 0.029912 seconds (0d 0h 0m 0s)

---------------  T H R E A D  ---------------

Current thread (0x0000015a59a75800):  JavaThread "Unknown thread" [_thread_in_vm, id=17592, stack(0x0000004796100000,0x0000004796200000)]

Stack: [0x0000004796100000,0x0000004796200000],  sp=0x00000047961ff080,  free space=1020k
Native frames: (J=compiled Java code, j=interpreted, Vv=VM code, C=native code)
V  [jvm.dll+0x1ca6a3]
V  [jvm.dll+0x1c88c3]
V  [jvm.dll+0x34c48b]
V  [jvm.dll+0x70d6b0]
V  [jvm.dll+0x3b584f]
V  [jvm.dll+0x3b7951]
C  [jli.dll+0x520b]
C  [ucrtbase.dll+0x21bb2]
C  [KERNEL32.DLL+0x17034]
C  [ntdll.dll+0x52651]


siginfo: EXCEPTION_ACCESS_VIOLATION (0xc0000005), reading address 0x0000000000000000


Registers:
RAX=0x00002eafae120fa0, RBX=0x0000000000000000, RCX=0x0000000000000000, RDX=0x0000000000000000
RSP=0x00000047961ff080, RBP=0x0000000000000000, RSI=0x0000015a59a75800, RDI=0x0000000000000000
R8 =0x0000000000000000, R9 =0x0000000000000000, R10=0x0000000000000000, R11=0x00000047961fee30
R12=0x0000000000000000, R13=0x00007ffd2e7d1b30, R14=0x0000015a59981868, R15=0x00000047961ffad8
RIP=0x00007ffd2e3da6a3, EFLAGS=0x0000000000010256

Top of Stack: (sp=0x00000047961ff080)
0x00000047961ff080:   0000015a59987530 00007ffda4e032f0
0x00000047961ff090:   00000047961ffad8 0000015a59981868
0x00000047961ff0a0:   0000000000000000 00000047961ff2b0
0x00000047961ff0b0:   00003d291e6996d8 00007ffd2e7d1b30
0x00000047961ff0c0:   0000000000000400 00000047961ffad8
0x00000047961ff0d0:   0000015a59981868 00007ffd2e7d1b30
0x00000047961ff0e0:   0000000000000000 00007ffd2e1e0000
0x00000047961ff0f0:   00007ffd2ea43990 0000000000000000
0x00000047961ff100:   00007ffd2e3d8767 00007ffda4dd53dc
0x00000047961ff110:   0000000000000000 00007ffd2e84a3c3
0x00000047961ff120:   00002eafae120fa0 0000015a59981868
0x00000047961ff130:   00007ffd00000000 00007ffd2e7d1b30
0x00000047961ff140:   0000015a59a75800 00000047961ff260
0x00000047961ff150:   0000000000000000 00007ffd2e3d88c3
0x00000047961ff160:   00007ffd2f8f0000 00007ffd2e1ed0ac
0x00000047961ff170:   00000047961ff260 0000015a59a75800 

Instructions: (pc=0x00007ffd2e3da6a3)
0x00007ffd2e3da683:   00 48 33 c4 48 89 84 24 a0 00 00 00 48 8b e9 48
0x00007ffd2e3da693:   c7 c3 ff ff ff ff 0f 1f 80 00 00 00 00 48 ff c3
0x00007ffd2e3da6a3:   80 3c 0b 00 75 f7 33 f6 c6 44 24 30 01 40 38 35
0x00007ffd2e3da6b3:   73 07 86 00 74 17 40 38 35 c0 6d 85 00 75 0e 33 



---------------  P R O C E S S  ---------------

Threads class SMR info:
_java_thread_list=0x0000015a59981940, length=0, elements={
}

Java Threads: ( => current thread )

Other Threads:

[error occurred during error reporting (printing all threads), id 0xc0000005, EXCEPTION_ACCESS_VIOLATION (0xc0000005) at pc=0x00007ffd2e92275d]

VM state:not at safepoint (not fully initialized)

VM Mutex/Monitor currently owned by a thread: None


[error occurred during error reporting (printing compressed oops mode), id 0xc0000005, EXCEPTION_ACCESS_VIOLATION (0xc0000005) at pc=0x00007ffd2e938c07]

Deoptimization events (0 events):
No events

Classes redefined (0 events):
No events

Internal exceptions (0 events):
No events

Events (0 events):
No events


Dynamic libraries:
0x00007ff6ddb60000 - 0x00007ff6ddb6f000 	C:\Program Files\Java\jdk-11.0.10\bin\java.exe
0x00007ffda74f0000 - 0x00007ffda76e5000 	C:\WINDOWS\SYSTEM32\ntdll.dll
0x00007ffda66a0000 - 0x00007ffda675e000 	C:\WINDOWS\System32\KERNEL32.DLL
0x00007ffda4dd0000 - 0x00007ffda5099000 	C:\WINDOWS\System32\KERNELBASE.dll
0x00007ffda5150000 - 0x00007ffda5250000 	C:\WINDOWS\System32\ucrtbase.dll
0x00007ffd56c30000 - 0x00007ffd56c45000 	C:\Program Files\Java\jdk-11.0.10\bin\VCRUNTIME140.dll
0x00007ffd2f910000 - 0x00007ffd2f928000 	C:\Program Files\Java\jdk-11.0.10\bin\jli.dll
0x00007ffda5e20000 - 0x00007ffda5ecc000 	C:\WINDOWS\System32\ADVAPI32.dll
0x00007ffda6020000 - 0x00007ffda60be000 	C:\WINDOWS\System32\msvcrt.dll
0x00007ffda59d0000 - 0x00007ffda5a6b000 	C:\WINDOWS\System32\sechost.dll
0x00007ffda7320000 - 0x00007ffda744a000 	C:\WINDOWS\System32\RPCRT4.dll
0x00007ffda5a70000 - 0x00007ffda5c11000 	C:\WINDOWS\System32\USER32.dll
0x00007ffda4da0000 - 0x00007ffda4dc2000 	C:\WINDOWS\System32\win32u.dll
0x00007ffd90ca0000 - 0x00007ffd90f3a000 	C:\WINDOWS\WinSxS\amd64_microsoft.windows.common-controls_6595b64144ccf1df_6.0.19041.1110_none_60b5254171f9507e\COMCTL32.dll
0x00007ffda5810000 - 0x00007ffda583b000 	C:\WINDOWS\System32\GDI32.dll
0x00007ffda5430000 - 0x00007ffda553b000 	C:\WINDOWS\System32\gdi32full.dll
0x00007ffda52e0000 - 0x00007ffda537d000 	C:\WINDOWS\System32\msvcp_win.dll
0x00007ffd9e000000 - 0x00007ffd9e00a000 	C:\WINDOWS\SYSTEM32\VERSION.dll
0x00007ffda5cd0000 - 0x00007ffda5d00000 	C:\WINDOWS\System32\IMM32.DLL
0x00007ffd2ed10000 - 0x00007ffd2edab000 	C:\Program Files\Java\jdk-11.0.10\bin\msvcp140.dll
0x00007ffd2e210000 - 0x00007ffd2ed0b000 	C:\Program Files\Java\jdk-11.0.10\bin\server\jvm.dll
0x00007ffda58c0000 - 0x00007ffda58c8000 	C:\WINDOWS\System32\PSAPI.DLL
0x00007ffd87d70000 - 0x00007ffd87d97000 	C:\WINDOWS\SYSTEM32\WINMM.dll
0x00007ffd8bdf0000 - 0x00007ffd8bdf9000 	C:\WINDOWS\SYSTEM32\WSOCK32.dll
0x00007ffda5960000 - 0x00007ffda59cb000 	C:\WINDOWS\System32\WS2_32.dll
0x00007ffda34c0000 - 0x00007ffda34d2000 	C:\WINDOWS\SYSTEM32\kernel.appcore.dll
0x00007ffd5c700000 - 0x00007ffd5c710000 	C:\Program Files\Java\jdk-11.0.10\bin\verify.dll
0x00007ffda2a10000 - 0x00007ffda2bf4000 	C:\WINDOWS\SYSTEM32\DBGHELP.DLL
0x00007ffd89770000 - 0x00007ffd8979c000 	C:\WINDOWS\SYSTEM32\dbgcore.DLL
0x00007ffda5250000 - 0x00007ffda52d3000 	C:\WINDOWS\System32\bcryptPrimitives.dll
0x00007ffd2e1e0000 - 0x00007ffd2e208000 	C:\Program Files\Java\jdk-11.0.10\bin\java.dll
0x00007ffd57280000 - 0x00007ffd5728a000 	C:\Program Files\Java\jdk-11.0.10\bin\jimage.dll
0x00007ffd2f8f0000 - 0x00007ffd2f906000 	C:\Program Files\Java\jdk-11.0.10\bin\zip.dll

dbghelp: loaded successfully - version: 4.0.5 - missing functions: none
symbol engine: initialized successfully - sym options: 0x614 - pdb path: .;C:\Program Files\Java\jdk-11.0.10\bin;C:\WINDOWS\SYSTEM32;C:\WINDOWS\WinSxS\amd64_microsoft.windows.common-controls_6595b64144ccf1df_6.0.19041.1110_none_60b5254171f9507e;C:\Program Files\Java\jdk-11.0.10\bin\server

VM Arguments:
java_command: c:\Users\kartik\.vscode\extensions\salesforce.salesforce-vscode-slds-1.4.8\lsp-0.0.13-executable.jar --PORT=49481
java_class_path (initial): c:\Users\kartik\.vscode\extensions\salesforce.salesforce-vscode-slds-1.4.8\lsp-0.0.13-executable.jar
Launcher Type: SUN_STANDARD

[Global flags]
     uint G1ConcRefinementThreads                  = 8                                         {product} {ergonomic}
    uintx GCDrainStackTargetSize                   = 64                                        {product} {ergonomic}
   size_t InitialHeapSize                          = 131792192                                 {product} {ergonomic}
   size_t MaxHeapSize                              = 2108675072                                {product} {ergonomic}
    uintx ReservedCodeCacheSize                    = 251658240                              {pd product} {ergonomic}
     bool SegmentedCodeCache                       = true                                      {product} {ergonomic}
     bool UseCompressedClassPointers               = true                                 {lp64_product} {ergonomic}
     bool UseCompressedOops                        = true                                 {lp64_product} {ergonomic}
     bool UseG1GC                                  = true                                      {product} {ergonomic}
     bool UseLargePagesIndividualAllocation        = false                                  {pd product} {ergonomic}

Logging:
Log output configuration:
 #0: stdout all=warning uptime,level,tags
 #1: stderr all=off uptime,level,tags

Environment Variables:
JAVA_HOME=C:\Program Files\Java\jdk-14.0.2
PATH=C:\Program Files\Common Files\Oracle\Java\javapath;C:\Windows\system32;C:\Windows;C:\Windows\System32\Wbem;C:\Windows\System32\WindowsPowerShell\v1.0\;C:\Windows\System32\OpenSSH\;C:\Program Files (x86)\NVIDIA Corporation\PhysX\Common;C:\Program Files\NVIDIA Corporation\NVIDIA NvDLISR;C:\Program Files\Java\jdk-14.0.2\bin;C:\Program Files\nodejs\;C:\WINDOWS\system32;C:\WINDOWS;C:\WINDOWS\System32\Wbem;C:\WINDOWS\System32\WindowsPowerShell\v1.0\;C:\WINDOWS\System32\OpenSSH\;C:\Users\kartik\AppData\Local\Programs\Python\Python38-32;C:\Users\kartik\AppData\Local\Programs\Python\Python38-32\Scripts;C:\Program Files\R\R-4.0.2\bin;C:\Program Files\Git\cmd;C:\Users\kartik\AppData\Local\Microsoft\WindowsApps;C:\Users\kartik\AppData\Local\Programs\Microsoft VS Code\bin;C:\Users\kartik\AppData\Roaming\npm;C:\Users\kartik\AppData\Local\Microsoft\WindowsApps;C:\Users\kartik\AppData\Local\Programs\Python\Python38-32;C:\Users\kartik\AppData\Local\Programs\Python\Python38-32\Scripts;C:\Program Files\R\R-4.0.2\bin;C:\Program Files\Salesforce CLI\bin;C:\Program Files\sfdx\bin;C:\Users\kartik\AppData\Local\GitHubDesktop\bin
USERNAME=kartik
OS=Windows_NT
PROCESSOR_IDENTIFIER=Intel64 Family 6 Model 158 Stepping 10, GenuineIntel



---------------  S Y S T E M  ---------------

OS: Windows 10 , 64 bit Build 19041 (10.0.19041.1202)

CPU:total 8 (initial active 8) 

Memory: 4k page, system-wide physical 8043M (2994M free)
TotalPageFile size 13163M (AvailPageFile size 6658M)
current process WorkingSet (physical memory assigned to process): 8M, peak: 8M
current process commit charge ("private bytes"): 3M, peak: 3M

vm_info: Java HotSpot(TM) 64-Bit Server VM (11.0.10+8-LTS-162) for windows-amd64 JRE (11.0.10+8-LTS-162), built on Dec  8 2020 16:32:57 by "mach5one" with MS VC++ 15.9 (VS2017)

END.
